demo/build/outputs/logs/manifest-merger-debug-report.txt
-- Merging decision tree log ---
meta-data#com.amap.api.v2.apikey
INJECTED from nim_demo\demo\AndroidManifest.xml:89:9-91:42
	android:value
		INJECTED from nim_demo\demo\AndroidManifest.xml
		ADDED from nim_demo\demo\AndroidManifest.xml:91:13-40
	android:name
		ADDED from nim_demo\demo\AndroidManifest.xml:90:13-50
manifest
ADDED from nim_demo\demo\AndroidManifest.xml:2:1-592:12
INJECTED from nim_demo\demo\AndroidManifest.xml:2:1-592:12
INJECTED from nim_demo\demo\AndroidManifest.xml:2:1-592:12
MERGED from [com.squareup.leakcanary:leakcanary-support-fragment:1.6.3] AndroidManifest.xml:17:1-25:12
MERGED from [com.squareup.leakcanary:leakcanary-android:1.6.3] AndroidManifest.xml:17:1-74:12
MERGED from [androidx.multidex:multidex:2.0.1] AndroidManifest.xml:17:1-22:12
MERGED from [:uikit] AndroidManifest.xml:2:1-170:12
MERGED from [:jrmfRpWalletlib] AndroidManifest.xml:2:1-96:12
MERGED from [:avchatkit] AndroidManifest.xml:2:1-44:12
MERGED from [:rtskit] AndroidManifest.xml:2:1-32:12
MERGED from [com.meizu.flyme.internet:push-internal:3.6.3] AndroidManifest.xml:2:1-34:12
MERGED from [com.huawei.hms:push:3.0.3.301] AndroidManifest.xml:2:1-72:12
MERGED from [com.netease.nimlib:jsbridge:1.3.1] AndroidManifest.xml:2:1-17:12
MERGED from [com.google.firebase:firebase-messaging:20.1.1] AndroidManifest.xml:17:1-44:12
MERGED from [com.google.firebase:firebase-core:17.2.3] AndroidManifest.xml:2:1-9:12
MERGED from [com.google.firebase:firebase-analytics:17.2.3] AndroidManifest.xml:2:1-9:12
MERGED from [com.google.android.gms:play-services-measurement-api:17.2.3] AndroidManifest.xml:17:1-36:12
MERGED from [com.google.firebase:firebase-iid:20.1.0] AndroidManifest.xml:17:1-47:12
MERGED from [com.google.firebase:firebase-iid-interop:17.0.0] AndroidManifest.xml:2:1-10:12
MERGED from [com.google.android.gms:play-services-base:17.1.0] AndroidManifest.xml:17:1-29:12
MERGED from [androidx.lifecycle:lifecycle-extensions:2.1.0] AndroidManifest.xml:17:1-25:12
MERGED from [com.squareup.leakcanary:leakcanary-analyzer:1.6.3] AndroidManifest.xml:17:1-24:12
MERGED from [:faceunity] AndroidManifest.xml:2:1-15:12
MERGED from [com.google.android.material:material:1.0.0] AndroidManifest.xml:17:1-24:12
MERGED from [com.github.chrisbanes:PhotoView:2.3.0] AndroidManifest.xml:2:1-11:12
MERGED from [androidx.appcompat:appcompat:1.0.0] AndroidManifest.xml:17:1-22:12
MERGED from [androidx.legacy:legacy-support-v4:1.0.0] AndroidManifest.xml:17:1-22:12
MERGED from [androidx.recyclerview:recyclerview:1.0.0] AndroidManifest.xml:17:1-22:12
MERGED from [com.github.bumptech.glide:glide:4.9.0] AndroidManifest.xml:2:1-12:12
MERGED from [com.google.firebase:firebase-datatransport:17.0.3] AndroidManifest.xml:15:1-34:12
MERGED from [com.google.firebase:firebase-installations:16.0.0] AndroidManifest.xml:2:1-23:12
MERGED from [com.google.firebase:firebase-common:19.3.0] AndroidManifest.xml:15:1-39:12
MERGED from [com.google.firebase:firebase-installations-interop:16.0.0] AndroidManifest.xml:15:1-23:12
MERGED from [com.google.android.gms:play-services-tasks:17.0.0] AndroidManifest.xml:2:1-9:12
MERGED from [com.google.firebase:firebase-measurement-connector:18.0.0] AndroidManifest.xml:17:1-25:12
MERGED from [com.google.android.gms:play-services-measurement:17.2.3] AndroidManifest.xml:17:1-55:12
MERGED from [com.google.android.gms:play-services-measurement-sdk:17.2.3] AndroidManifest.xml:17:1-25:12
MERGED from [com.google.android.gms:play-services-measurement-impl:17.2.3] AndroidManifest.xml:17:1-40:12
MERGED from [com.google.android.gms:play-services-stats:17.0.0] AndroidManifest.xml:2:1-9:12
MERGED from [com.google.android.gms:play-services-measurement-sdk-api:17.2.3] AndroidManifest.xml:17:1-27:12
MERGED from [com.google.android.gms:play-services-measurement-base:17.2.3] AndroidManifest.xml:2:1-9:12
MERGED from [com.google.android.gms:play-services-ads-identifier:17.0.0] AndroidManifest.xml:17:1-24:12
MERGED from [com.google.android.gms:play-services-basement:17.0.0] AndroidManifest.xml:17:1-28:12
MERGED from [androidx.fragment:fragment:1.0.0] AndroidManifest.xml:17:1-22:12
MERGED from [androidx.vectordrawable:vectordrawable-animated:1.0.0] AndroidManifest.xml:17:1-22:12
MERGED from [androidx.legacy:legacy-support-core-ui:1.0.0] AndroidManifest.xml:17:1-22:12
MERGED from [androidx.legacy:legacy-support-core-utils:1.0.0] AndroidManifest.xml:17:1-22:12
MERGED from [androidx.constraintlayout:constraintlayout:1.1.3] AndroidManifest.xml:2:1-11:12
MERGED from [me.leolin:ShortcutBadger:1.1.22] AndroidManifest.xml:2:1-52:12
MERGED from [com.huawei.hms:opendevice:3.0.3.301] AndroidManifest.xml:2:1-15:12
MERGED from [com.huawei.hms:base:3.0.3.300] AndroidManifest.xml:2:1-67:12
MERGED from [androidx.media:media:1.0.0] AndroidManifest.xml:17:1-22:12
MERGED from [androidx.vectordrawable:vectordrawable:1.0.0] AndroidManifest.xml:17:1-22:12
MERGED from [androidx.transition:transition:1.0.0] AndroidManifest.xml:17:1-22:12
MERGED from [androidx.viewpager:viewpager:1.0.0] AndroidManifest.xml:17:1-22:12
MERGED from [androidx.coordinatorlayout:coordinatorlayout:1.0.0] AndroidManifest.xml:17:1-22:12
MERGED from [androidx.drawerlayout:drawerlayout:1.0.0] AndroidManifest.xml:17:1-22:12
MERGED from [androidx.slidingpanelayout:slidingpanelayout:1.0.0] AndroidManifest.xml:17:1-22:12
MERGED from [androidx.customview:customview:1.0.0] AndroidManifest.xml:17:1-22:12
MERGED from [androidx.swiperefreshlayout:swiperefreshlayout:1.0.0] AndroidManifest.xml:17:1-22:12
MERGED from [androidx.asynclayoutinflater:asynclayoutinflater:1.0.0] AndroidManifest.xml:17:1-22:12
MERGED from [androidx.loader:loader:1.0.0] AndroidManifest.xml:17:1-22:12
MERGED from [androidx.core:core:1.0.0] AndroidManifest.xml:17:1-24:12
MERGED from [androidx.versionedparcelable:versionedparcelable:1.0.0] AndroidManifest.xml:17:1-25:12
MERGED from [com.google.android.datatransport:transport-backend-cct:2.2.0] AndroidManifest.xml:15:1-38:12
MERGED from [com.google.android.datatransport:transport-runtime:2.2.0] AndroidManifest.xml:15:1-41:12
MERGED from [com.google.android.datatransport:transport-api:2.2.0] AndroidManifest.xml:15:1-22:12
MERGED from [com.google.firebase:firebase-components:16.0.0] AndroidManifest.xml:15:1-23:12
MERGED from [com.google.firebase:firebase-encoders-json:16.0.0] AndroidManifest.xml:15:1-23:12
MERGED from [androidx.lifecycle:lifecycle-process:2.1.0] AndroidManifest.xml:17:1-30:12
MERGED from [androidx.lifecycle:lifecycle-service:2.1.0] AndroidManifest.xml:17:1-22:12
MERGED from [androidx.lifecycle:lifecycle-runtime:2.1.0] AndroidManifest.xml:17:1-22:12
MERGED from [androidx.lifecycle:lifecycle-livedata:2.1.0] AndroidManifest.xml:17:1-22:12
MERGED from [androidx.lifecycle:lifecycle-livedata-core:2.1.0] AndroidManifest.xml:17:1-22:12
MERGED from [androidx.arch.core:core-runtime:2.1.0] AndroidManifest.xml:17:1-24:12
MERGED from [androidx.lifecycle:lifecycle-viewmodel:2.1.0] AndroidManifest.xml:17:1-22:12
MERGED from [androidx.cursoradapter:cursoradapter:1.0.0] AndroidManifest.xml:17:1-22:12
MERGED from [androidx.cardview:cardview:1.0.0] AndroidManifest.xml:17:1-22:12
MERGED from [androidx.interpolator:interpolator:1.0.0] AndroidManifest.xml:17:1-22:12
MERGED from [androidx.documentfile:documentfile:1.0.0] AndroidManifest.xml:17:1-22:12
MERGED from [androidx.localbroadcastmanager:localbroadcastmanager:1.0.0] AndroidManifest.xml:17:1-22:12
MERGED from [androidx.print:print:1.0.0] AndroidManifest.xml:17:1-22:12
MERGED from [com.github.bumptech.glide:gifdecoder:4.9.0] AndroidManifest.xml:2:1-11:12
MERGED from [com.huawei.agconnect:agconnect-core:1.0.0.300] AndroidManifest.xml:2:1-20:12
MERGED from [com.huawei.hmf:tasks:1.3.1.301] AndroidManifest.xml:2:1-11:12
MERGED from [com.huawei.hms:network-grs:1.0.9.302] AndroidManifest.xml:2:1-11:12
MERGED from [com.huawei.hms:network-common:1.0.9.302] AndroidManifest.xml:2:1-11:12
INJECTED from nim_demo\demo\AndroidManifest.xml:2:1-592:12
INJECTED from nim_demo\demo\AndroidManifest.xml:2:1-592:12
	package
		ADDED from nim_demo\demo\AndroidManifest.xml:2:11-41
	android:versionName
		INJECTED from nim_demo\demo\AndroidManifest.xml
		ADDED from nim_demo\demo\AndroidManifest.xml:2:1-592:12
		INJECTED from nim_demo\demo\AndroidManifest.xml
	xmlns:tools
		ADDED from nim_demo\demo\AndroidManifest.xml:4:11-57
	android:versionCode
		INJECTED from nim_demo\demo\AndroidManifest.xml
		ADDED from nim_demo\demo\AndroidManifest.xml:2:1-592:12
		INJECTED from nim_demo\demo\AndroidManifest.xml
	xmlns:android
		ADDED from nim_demo\demo\AndroidManifest.xml:3:11-69
	android:installLocation
		ADDED from nim_demo\demo\AndroidManifest.xml:5:11-41
uses-permission#android.permission.INTERNET
ADDED from nim_demo\demo\AndroidManifest.xml:9:5-66
MERGED from [:jrmfRpWalletlib] AndroidManifest.xml:12:5-67
MERGED from [:jrmfRpWalletlib] AndroidManifest.xml:12:5-67
MERGED from [com.meizu.flyme.internet:push-internal:3.6.3] AndroidManifest.xml:11:5-67
MERGED from [com.meizu.flyme.internet:push-internal:3.6.3] AndroidManifest.xml:11:5-67
MERGED from [com.google.android.gms:play-services-measurement-api:17.2.3] AndroidManifest.xml:22:5-67
MERGED from [com.google.android.gms:play-services-measurement-api:17.2.3] AndroidManifest.xml:22:5-67
MERGED from [com.google.firebase:firebase-iid:20.1.0] AndroidManifest.xml:23:5-67
MERGED from [com.google.firebase:firebase-iid:20.1.0] AndroidManifest.xml:23:5-67
MERGED from [com.google.firebase:firebase-installations:16.0.0] AndroidManifest.xml:11:5-67
MERGED from [com.google.firebase:firebase-installations:16.0.0] AndroidManifest.xml:11:5-67
MERGED from [com.google.android.gms:play-services-measurement:17.2.3] AndroidManifest.xml:23:5-67
MERGED from [com.google.android.gms:play-services-measurement:17.2.3] AndroidManifest.xml:23:5-67
MERGED from [com.google.android.gms:play-services-measurement-impl:17.2.3] AndroidManifest.xml:23:5-67
MERGED from [com.google.android.gms:play-services-measurement-impl:17.2.3] AndroidManifest.xml:23:5-67
MERGED from [com.google.android.gms:play-services-measurement-sdk-api:17.2.3] AndroidManifest.xml:23:5-67
MERGED from [com.google.android.gms:play-services-measurement-sdk-api:17.2.3] AndroidManifest.xml:23:5-67
MERGED from [com.huawei.hms:base:3.0.3.300] AndroidManifest.xml:10:5-67
MERGED from [com.huawei.hms:base:3.0.3.300] AndroidManifest.xml:10:5-67
MERGED from [com.google.android.datatransport:transport-backend-cct:2.2.0] AndroidManifest.xml:26:5-67
MERGED from [com.google.android.datatransport:transport-backend-cct:2.2.0] AndroidManifest.xml:26:5-67
	android:name
		ADDED from nim_demo\demo\AndroidManifest.xml:9:22-64
uses-permission#android.permission.ACCESS_NETWORK_STATE
ADDED from nim_demo\demo\AndroidManifest.xml:10:5-78
MERGED from [:jrmfRpWalletlib] AndroidManifest.xml:13:5-79
MERGED from [:jrmfRpWalletlib] AndroidManifest.xml:13:5-79
MERGED from [:avchatkit] AndroidManifest.xml:11:5-79
MERGED from [:avchatkit] AndroidManifest.xml:11:5-79
MERGED from [com.meizu.flyme.internet:push-internal:3.6.3] AndroidManifest.xml:13:5-79
MERGED from [com.meizu.flyme.internet:push-internal:3.6.3] AndroidManifest.xml:13:5-79
MERGED from [com.google.android.gms:play-services-measurement-api:17.2.3] AndroidManifest.xml:23:5-79
MERGED from [com.google.android.gms:play-services-measurement-api:17.2.3] AndroidManifest.xml:23:5-79
MERGED from [com.google.firebase:firebase-iid:20.1.0] AndroidManifest.xml:22:5-79
MERGED from [com.google.firebase:firebase-iid:20.1.0] AndroidManifest.xml:22:5-79
MERGED from [com.google.firebase:firebase-installations:16.0.0] AndroidManifest.xml:10:5-79
MERGED from [com.google.firebase:firebase-installations:16.0.0] AndroidManifest.xml:10:5-79
MERGED from [com.google.android.gms:play-services-measurement:17.2.3] AndroidManifest.xml:24:5-79
MERGED from [com.google.android.gms:play-services-measurement:17.2.3] AndroidManifest.xml:24:5-79
MERGED from [com.google.android.gms:play-services-measurement-impl:17.2.3] AndroidManifest.xml:24:5-79
MERGED from [com.google.android.gms:play-services-measurement-impl:17.2.3] AndroidManifest.xml:24:5-79
MERGED from [com.google.android.gms:play-services-measurement-sdk-api:17.2.3] AndroidManifest.xml:24:5-79
MERGED from [com.google.android.gms:play-services-measurement-sdk-api:17.2.3] AndroidManifest.xml:24:5-79
MERGED from [com.huawei.hms:base:3.0.3.300] AndroidManifest.xml:14:5-79
MERGED from [com.huawei.hms:base:3.0.3.300] AndroidManifest.xml:14:5-79
MERGED from [com.google.android.datatransport:transport-backend-cct:2.2.0] AndroidManifest.xml:25:5-79
MERGED from [com.google.android.datatransport:transport-backend-cct:2.2.0] AndroidManifest.xml:25:5-79
MERGED from [com.google.android.datatransport:transport-runtime:2.2.0] AndroidManifest.xml:22:5-79
MERGED from [com.google.android.datatransport:transport-runtime:2.2.0] AndroidManifest.xml:22:5-79
	android:name
		ADDED from nim_demo\demo\AndroidManifest.xml:10:22-76
uses-permission#android.permission.ACCESS_WIFI_STATE
ADDED from nim_demo\demo\AndroidManifest.xml:11:5-75
MERGED from [:jrmfRpWalletlib] AndroidManifest.xml:14:5-76
MERGED from [:jrmfRpWalletlib] AndroidManifest.xml:14:5-76
MERGED from [:avchatkit] AndroidManifest.xml:12:5-76
MERGED from [:avchatkit] AndroidManifest.xml:12:5-76
MERGED from [com.meizu.flyme.internet:push-internal:3.6.3] AndroidManifest.xml:16:5-76
MERGED from [com.meizu.flyme.internet:push-internal:3.6.3] AndroidManifest.xml:16:5-76
MERGED from [com.huawei.hms:base:3.0.3.300] AndroidManifest.xml:16:5-76
MERGED from [com.huawei.hms:base:3.0.3.300] AndroidManifest.xml:16:5-76
	android:name
		ADDED from nim_demo\demo\AndroidManifest.xml:11:22-73
uses-permission#android.permission.CHANGE_WIFI_STATE
ADDED from nim_demo\demo\AndroidManifest.xml:12:5-75
	android:name
		ADDED from nim_demo\demo\AndroidManifest.xml:12:22-73
uses-permission#android.permission.READ_EXTERNAL_STORAGE
ADDED from nim_demo\demo\AndroidManifest.xml:15:5-79
MERGED from [com.squareup.leakcanary:leakcanary-android:1.6.3] AndroidManifest.xml:23:5-80
MERGED from [com.squareup.leakcanary:leakcanary-android:1.6.3] AndroidManifest.xml:23:5-80
MERGED from [:jrmfRpWalletlib] AndroidManifest.xml:18:5-80
MERGED from [:jrmfRpWalletlib] AndroidManifest.xml:18:5-80
MERGED from [com.meizu.flyme.internet:push-internal:3.6.3] AndroidManifest.xml:14:5-80
MERGED from [com.meizu.flyme.internet:push-internal:3.6.3] AndroidManifest.xml:14:5-80
	android:name
		ADDED from nim_demo\demo\AndroidManifest.xml:15:22-77
uses-permission#android.permission.WRITE_EXTERNAL_STORAGE
ADDED from nim_demo\demo\AndroidManifest.xml:16:5-80
MERGED from [com.squareup.leakcanary:leakcanary-android:1.6.3] AndroidManifest.xml:24:5-81
MERGED from [com.squareup.leakcanary:leakcanary-android:1.6.3] AndroidManifest.xml:24:5-81
MERGED from [:jrmfRpWalletlib] AndroidManifest.xml:17:5-81
MERGED from [:jrmfRpWalletlib] AndroidManifest.xml:17:5-81
MERGED from [com.meizu.flyme.internet:push-internal:3.6.3] AndroidManifest.xml:15:5-81
MERGED from [com.meizu.flyme.internet:push-internal:3.6.3] AndroidManifest.xml:15:5-81
MERGED from [com.huawei.hms:base:3.0.3.300] AndroidManifest.xml:12:5-81
MERGED from [com.huawei.hms:base:3.0.3.300] AndroidManifest.xml:12:5-81
	android:name
		ADDED from nim_demo\demo\AndroidManifest.xml:16:22-78
uses-permission#android.permission.ACCESS_FINE_LOCATION
ADDED from nim_demo\demo\AndroidManifest.xml:19:5-78
	android:name
		ADDED from nim_demo\demo\AndroidManifest.xml:19:22-76
uses-permission#android.permission.ACCESS_COARSE_LOCATION
ADDED from nim_demo\demo\AndroidManifest.xml:20:5-80
MERGED from [:jrmfRpWalletlib] AndroidManifest.xml:11:5-81
MERGED from [:jrmfRpWalletlib] AndroidManifest.xml:11:5-81
	android:name
		ADDED from nim_demo\demo\AndroidManifest.xml:20:22-78
uses-permission#android.permission.ACCESS_LOCATION_EXTRA_COMMANDS
ADDED from nim_demo\demo\AndroidManifest.xml:21:5-88
	android:name
		ADDED from nim_demo\demo\AndroidManifest.xml:21:22-86
uses-permission#android.permission.READ_PHONE_STATE
ADDED from nim_demo\demo\AndroidManifest.xml:24:5-74
MERGED from [:jrmfRpWalletlib] AndroidManifest.xml:16:5-75
MERGED from [:jrmfRpWalletlib] AndroidManifest.xml:16:5-75
MERGED from [com.meizu.flyme.internet:push-internal:3.6.3] AndroidManifest.xml:12:5-75
MERGED from [com.meizu.flyme.internet:push-internal:3.6.3] AndroidManifest.xml:12:5-75
	android:name
		ADDED from nim_demo\demo\AndroidManifest.xml:24:22-72
uses-permission#android.permission.CAMERA
ADDED from nim_demo\demo\AndroidManifest.xml:25:5-64
	android:name
		ADDED from nim_demo\demo\AndroidManifest.xml:25:22-62
uses-permission#android.permission.RECORD_AUDIO
ADDED from nim_demo\demo\AndroidManifest.xml:26:5-70
	android:name
		ADDED from nim_demo\demo\AndroidManifest.xml:26:22-68
uses-permission#android.permission.BLUETOOTH
ADDED from nim_demo\demo\AndroidManifest.xml:27:5-67
	android:name
		ADDED from nim_demo\demo\AndroidManifest.xml:27:22-65
uses-permission#android.permission.BLUETOOTH_ADMIN
ADDED from nim_demo\demo\AndroidManifest.xml:28:5-73
	android:name
		ADDED from nim_demo\demo\AndroidManifest.xml:28:22-71
uses-permission#android.permission.GET_TASKS
ADDED from nim_demo\demo\AndroidManifest.xml:31:5-67
	android:name
		ADDED from nim_demo\demo\AndroidManifest.xml:31:22-65
uses-permission#android.permission.FLASHLIGHT
ADDED from nim_demo\demo\AndroidManifest.xml:32:5-68
	android:name
		ADDED from nim_demo\demo\AndroidManifest.xml:32:22-66
uses-permission#android.permission.VIBRATE
ADDED from nim_demo\demo\AndroidManifest.xml:33:5-65
	android:name
		ADDED from nim_demo\demo\AndroidManifest.xml:33:22-63
uses-permission#android.permission.CHANGE_CONFIGURATION
ADDED from nim_demo\demo\AndroidManifest.xml:34:5-78
	android:name
		ADDED from nim_demo\demo\AndroidManifest.xml:34:22-76
uses-permission#android.permission.MODIFY_AUDIO_SETTINGS
ADDED from nim_demo\demo\AndroidManifest.xml:35:5-79
	android:name
		ADDED from nim_demo\demo\AndroidManifest.xml:35:22-77
uses-permission#android.permission.WRITE_SETTINGS
ADDED from nim_demo\demo\AndroidManifest.xml:36:5-72
	android:name
		ADDED from nim_demo\demo\AndroidManifest.xml:36:22-70
uses-permission#android.permission.DISABLE_KEYGUARD
ADDED from nim_demo\demo\AndroidManifest.xml:38:5-74
	android:name
		ADDED from nim_demo\demo\AndroidManifest.xml:38:22-72
uses-permission#android.permission.WAKE_LOCK
ADDED from nim_demo\demo\AndroidManifest.xml:39:5-67
MERGED from [com.google.android.gms:play-services-measurement-api:17.2.3] AndroidManifest.xml:24:5-68
MERGED from [com.google.android.gms:play-services-measurement-api:17.2.3] AndroidManifest.xml:24:5-68
MERGED from [com.google.firebase:firebase-iid:20.1.0] AndroidManifest.xml:24:5-68
MERGED from [com.google.firebase:firebase-iid:20.1.0] AndroidManifest.xml:24:5-68
MERGED from [com.google.android.gms:play-services-measurement:17.2.3] AndroidManifest.xml:25:5-68
MERGED from [com.google.android.gms:play-services-measurement:17.2.3] AndroidManifest.xml:25:5-68
MERGED from [com.google.android.gms:play-services-measurement-impl:17.2.3] AndroidManifest.xml:25:5-68
MERGED from [com.google.android.gms:play-services-measurement-impl:17.2.3] AndroidManifest.xml:25:5-68
MERGED from [com.google.android.gms:play-services-measurement-sdk-api:17.2.3] AndroidManifest.xml:25:5-68
MERGED from [com.google.android.gms:play-services-measurement-sdk-api:17.2.3] AndroidManifest.xml:25:5-68
	android:name
		ADDED from nim_demo\demo\AndroidManifest.xml:39:22-65
uses-permission#android.permission.FOREGROUND_SERVICE
ADDED from nim_demo\demo\AndroidManifest.xml:43:5-76
MERGED from [com.squareup.leakcanary:leakcanary-android:1.6.3] AndroidManifest.xml:26:5-77
MERGED from [com.squareup.leakcanary:leakcanary-android:1.6.3] AndroidManifest.xml:26:5-77
	android:name
		ADDED from nim_demo\demo\AndroidManifest.xml:43:22-74
permission#com.netease.nim.demo.permission.RECEIVE_MSG
ADDED from nim_demo\demo\AndroidManifest.xml:47:5-49:46
	android:protectionLevel
		ADDED from nim_demo\demo\AndroidManifest.xml:49:9-44
	android:name
		ADDED from nim_demo\demo\AndroidManifest.xml:48:9-67
uses-permission#com.netease.nim.demo.permission.RECEIVE_MSG
ADDED from nim_demo\demo\AndroidManifest.xml:52:5-82
	android:name
		ADDED from nim_demo\demo\AndroidManifest.xml:52:22-80
permission#com.netease.nim.demo.permission.MIPUSH_RECEIVE
ADDED from nim_demo\demo\AndroidManifest.xml:55:5-57:46
	android:protectionLevel
		ADDED from nim_demo\demo\AndroidManifest.xml:57:9-44
	android:name
		ADDED from nim_demo\demo\AndroidManifest.xml:56:9-70
uses-permission#com.netease.nim.demo.permission.MIPUSH_RECEIVE
ADDED from nim_demo\demo\AndroidManifest.xml:58:5-85
	android:name
		ADDED from nim_demo\demo\AndroidManifest.xml:58:22-83
uses-sdk
ADDED from nim_demo\demo\AndroidManifest.xml:60:5-96
INJECTED from nim_demo\demo\AndroidManifest.xml:60:5-96
INJECTED from nim_demo\demo\AndroidManifest.xml:60:5-96
MERGED from [com.squareup.leakcanary:leakcanary-support-fragment:1.6.3] AndroidManifest.xml:20:5-44
MERGED from [com.squareup.leakcanary:leakcanary-support-fragment:1.6.3] AndroidManifest.xml:20:5-44
MERGED from [com.squareup.leakcanary:leakcanary-android:1.6.3] AndroidManifest.xml:20:5-44
MERGED from [com.squareup.leakcanary:leakcanary-android:1.6.3] AndroidManifest.xml:20:5-44
MERGED from [androidx.multidex:multidex:2.0.1] AndroidManifest.xml:20:5-43
MERGED from [androidx.multidex:multidex:2.0.1] AndroidManifest.xml:20:5-43
MERGED from [:uikit] AndroidManifest.xml:7:5-9:41
MERGED from [:uikit] AndroidManifest.xml:7:5-9:41
MERGED from [:jrmfRpWalletlib] AndroidManifest.xml:7:5-9:41
MERGED from [:jrmfRpWalletlib] AndroidManifest.xml:7:5-9:41
MERGED from [:avchatkit] AndroidManifest.xml:7:5-9:41
MERGED from [:avchatkit] AndroidManifest.xml:7:5-9:41
MERGED from [:rtskit] AndroidManifest.xml:7:5-9:41
MERGED from [:rtskit] AndroidManifest.xml:7:5-9:41
MERGED from [com.meizu.flyme.internet:push-internal:3.6.3] AndroidManifest.xml:7:5-9:41
MERGED from [com.meizu.flyme.internet:push-internal:3.6.3] AndroidManifest.xml:7:5-9:41
MERGED from [com.huawei.hms:push:3.0.3.301] AndroidManifest.xml:5:5-7:41
MERGED from [com.huawei.hms:push:3.0.3.301] AndroidManifest.xml:5:5-7:41
MERGED from [com.netease.nimlib:jsbridge:1.3.1] AndroidManifest.xml:7:5-9:41
MERGED from [com.netease.nimlib:jsbridge:1.3.1] AndroidManifest.xml:7:5-9:41
MERGED from [com.google.firebase:firebase-messaging:20.1.1] AndroidManifest.xml:20:5-44
MERGED from [com.google.firebase:firebase-messaging:20.1.1] AndroidManifest.xml:20:5-44
MERGED from [com.google.firebase:firebase-core:17.2.3] AndroidManifest.xml:5:5-44
MERGED from [com.google.firebase:firebase-core:17.2.3] AndroidManifest.xml:5:5-44
MERGED from [com.google.firebase:firebase-analytics:17.2.3] AndroidManifest.xml:5:5-44
MERGED from [com.google.firebase:firebase-analytics:17.2.3] AndroidManifest.xml:5:5-44
MERGED from [com.google.android.gms:play-services-measurement-api:17.2.3] AndroidManifest.xml:20:5-44
MERGED from [com.google.android.gms:play-services-measurement-api:17.2.3] AndroidManifest.xml:20:5-44
MERGED from [com.google.firebase:firebase-iid:20.1.0] AndroidManifest.xml:20:5-44
MERGED from [com.google.firebase:firebase-iid:20.1.0] AndroidManifest.xml:20:5-44
MERGED from [com.google.firebase:firebase-iid-interop:17.0.0] AndroidManifest.xml:5:5-44
MERGED from [com.google.firebase:firebase-iid-interop:17.0.0] AndroidManifest.xml:5:5-44
MERGED from [com.google.android.gms:play-services-base:17.1.0] AndroidManifest.xml:20:5-44
MERGED from [com.google.android.gms:play-services-base:17.1.0] AndroidManifest.xml:20:5-44
MERGED from [androidx.lifecycle:lifecycle-extensions:2.1.0] AndroidManifest.xml:20:5-44
MERGED from [androidx.lifecycle:lifecycle-extensions:2.1.0] AndroidManifest.xml:20:5-44
MERGED from [com.squareup.leakcanary:leakcanary-analyzer:1.6.3] AndroidManifest.xml:20:5-44
MERGED from [com.squareup.leakcanary:leakcanary-analyzer:1.6.3] AndroidManifest.xml:20:5-44
MERGED from [:faceunity] AndroidManifest.xml:5:5-7:41
MERGED from [:faceunity] AndroidManifest.xml:5:5-7:41
MERGED from [com.google.android.material:material:1.0.0] AndroidManifest.xml:20:5-44
MERGED from [com.google.android.material:material:1.0.0] AndroidManifest.xml:20:5-44
MERGED from [com.github.chrisbanes:PhotoView:2.3.0] AndroidManifest.xml:7:5-9:41
MERGED from [com.github.chrisbanes:PhotoView:2.3.0] AndroidManifest.xml:7:5-9:41
MERGED from [androidx.appcompat:appcompat:1.0.0] AndroidManifest.xml:20:5-44
MERGED from [androidx.appcompat:appcompat:1.0.0] AndroidManifest.xml:20:5-44
MERGED from [androidx.legacy:legacy-support-v4:1.0.0] AndroidManifest.xml:20:5-44
MERGED from [androidx.legacy:legacy-support-v4:1.0.0] AndroidManifest.xml:20:5-44
MERGED from [androidx.recyclerview:recyclerview:1.0.0] AndroidManifest.xml:20:5-44
MERGED from [androidx.recyclerview:recyclerview:1.0.0] AndroidManifest.xml:20:5-44
MERGED from [com.github.bumptech.glide:glide:4.9.0] AndroidManifest.xml:6:5-8:41
MERGED from [com.github.bumptech.glide:glide:4.9.0] AndroidManifest.xml:6:5-8:41
MERGED from [com.google.firebase:firebase-datatransport:17.0.3] AndroidManifest.xml:19:5-21:41
MERGED from [com.google.firebase:firebase-datatransport:17.0.3] AndroidManifest.xml:19:5-21:41
MERGED from [com.google.firebase:firebase-installations:16.0.0] AndroidManifest.xml:6:5-8:41
MERGED from [com.google.firebase:firebase-installations:16.0.0] AndroidManifest.xml:6:5-8:41
MERGED from [com.google.firebase:firebase-common:19.3.0] AndroidManifest.xml:20:5-22:41
MERGED from [com.google.firebase:firebase-common:19.3.0] AndroidManifest.xml:20:5-22:41
MERGED from [com.google.firebase:firebase-installations-interop:16.0.0] AndroidManifest.xml:19:5-21:41
MERGED from [com.google.firebase:firebase-installations-interop:16.0.0] AndroidManifest.xml:19:5-21:41
MERGED from [com.google.android.gms:play-services-tasks:17.0.0] AndroidManifest.xml:5:5-44
MERGED from [com.google.android.gms:play-services-tasks:17.0.0] AndroidManifest.xml:5:5-44
MERGED from [com.google.firebase:firebase-measurement-connector:18.0.0] AndroidManifest.xml:20:5-44
MERGED from [com.google.firebase:firebase-measurement-connector:18.0.0] AndroidManifest.xml:20:5-44
MERGED from [com.google.android.gms:play-services-measurement:17.2.3] AndroidManifest.xml:20:5-44
MERGED from [com.google.android.gms:play-services-measurement:17.2.3] AndroidManifest.xml:20:5-44
MERGED from [com.google.android.gms:play-services-measurement-sdk:17.2.3] AndroidManifest.xml:20:5-44
MERGED from [com.google.android.gms:play-services-measurement-sdk:17.2.3] AndroidManifest.xml:20:5-44
MERGED from [com.google.android.gms:play-services-measurement-impl:17.2.3] AndroidManifest.xml:20:5-44
MERGED from [com.google.android.gms:play-services-measurement-impl:17.2.3] AndroidManifest.xml:20:5-44
MERGED from [com.google.android.gms:play-services-stats:17.0.0] AndroidManifest.xml:5:5-44
MERGED from [com.google.android.gms:play-services-stats:17.0.0] AndroidManifest.xml:5:5-44
MERGED from [com.google.android.gms:play-services-measurement-sdk-api:17.2.3] AndroidManifest.xml:20:5-44
MERGED from [com.google.android.gms:play-services-measurement-sdk-api:17.2.3] AndroidManifest.xml:20:5-44
MERGED from [com.google.android.gms:play-services-measurement-base:17.2.3] AndroidManifest.xml:5:5-44
MERGED from [com.google.android.gms:play-services-measurement-base:17.2.3] AndroidManifest.xml:5:5-44
MERGED from [com.google.android.gms:play-services-ads-identifier:17.0.0] AndroidManifest.xml:20:5-44
MERGED from [com.google.android.gms:play-services-ads-identifier:17.0.0] AndroidManifest.xml:20:5-44
MERGED from [com.google.android.gms:play-services-basement:17.0.0] AndroidManifest.xml:20:5-44
MERGED from [com.google.android.gms:play-services-basement:17.0.0] AndroidManifest.xml:20:5-44
MERGED from [androidx.fragment:fragment:1.0.0] AndroidManifest.xml:20:5-44
MERGED from [androidx.fragment:fragment:1.0.0] AndroidManifest.xml:20:5-44
MERGED from [androidx.vectordrawable:vectordrawable-animated:1.0.0] AndroidManifest.xml:20:5-44
MERGED from [androidx.vectordrawable:vectordrawable-animated:1.0.0] AndroidManifest.xml:20:5-44
MERGED from [androidx.legacy:legacy-support-core-ui:1.0.0] AndroidManifest.xml:20:5-44
MERGED from [androidx.legacy:legacy-support-core-ui:1.0.0] AndroidManifest.xml:20:5-44
MERGED from [androidx.legacy:legacy-support-core-utils:1.0.0] AndroidManifest.xml:20:5-44
MERGED from [androidx.legacy:legacy-support-core-utils:1.0.0] AndroidManifest.xml:20:5-44
MERGED from [androidx.constraintlayout:constraintlayout:1.1.3] AndroidManifest.xml:5:5-7:41
MERGED from [androidx.constraintlayout:constraintlayout:1.1.3] AndroidManifest.xml:5:5-7:41
MERGED from [me.leolin:ShortcutBadger:1.1.22] AndroidManifest.xml:7:5-9:41
MERGED from [me.leolin:ShortcutBadger:1.1.22] AndroidManifest.xml:7:5-9:41
MERGED from [com.huawei.hms:opendevice:3.0.3.301] AndroidManifest.xml:5:5-7:41
MERGED from [com.huawei.hms:opendevice:3.0.3.301] AndroidManifest.xml:5:5-7:41
MERGED from [com.huawei.hms:base:3.0.3.300] AndroidManifest.xml:5:5-7:41
MERGED from [com.huawei.hms:base:3.0.3.300] AndroidManifest.xml:5:5-7:41
MERGED from [androidx.media:media:1.0.0] AndroidManifest.xml:20:5-44
MERGED from [androidx.media:media:1.0.0] AndroidManifest.xml:20:5-44
MERGED from [androidx.vectordrawable:vectordrawable:1.0.0] AndroidManifest.xml:20:5-44
MERGED from [androidx.vectordrawable:vectordrawable:1.0.0] AndroidManifest.xml:20:5-44
MERGED from [androidx.transition:transition:1.0.0] AndroidManifest.xml:20:5-44
MERGED from [androidx.transition:transition:1.0.0] AndroidManifest.xml:20:5-44
MERGED from [androidx.viewpager:viewpager:1.0.0] AndroidManifest.xml:20:5-44
MERGED from [androidx.viewpager:viewpager:1.0.0] AndroidManifest.xml:20:5-44
MERGED from [androidx.coordinatorlayout:coordinatorlayout:1.0.0] AndroidManifest.xml:20:5-44
MERGED from [androidx.coordinatorlayout:coordinatorlayout:1.0.0] AndroidManifest.xml:20:5-44
MERGED from [androidx.drawerlayout:drawerlayout:1.0.0] AndroidManifest.xml:20:5-44